  listexport.cpp
listexport.cpp(131): warning C4996: 'vsprintf': This function or variable may be unsafe. Consider using vsprintf_s instead. To disable deprecation, use _CRT_SECURE_NO_WARNINGS. See online help for details.
          C:\usr\msvs2013\VC\include\stdio.h(356) : 'vsprintf' の宣言を確認してください。
listexport.cpp(184): warning C4996: 'fopen': This function or variable may be unsafe. Consider using fopen_s instead. To disable deprecation, use _CRT_SECURE_NO_WARNINGS. See online help for details.
          C:\usr\msvs2013\VC\include\stdio.h(211) : 'fopen' の宣言を確認してください。
listexport.cpp(363): warning C4996: 'strcpy': This function or variable may be unsafe. Consider using strcpy_s instead. To disable deprecation, use _CRT_SECURE_NO_WARNINGS. See online help for details.
          C:\usr\msvs2013\VC\include\string.h(112) : 'strcpy' の宣言を確認してください。
listexport.cpp(367): warning C4018: '<' : signed と unsigned の数値を比較しようとしました。
listexport.cpp(372): warning C4996: 'sprintf': This function or variable may be unsafe. Consider using sprintf_s instead. To disable deprecation, use _CRT_SECURE_NO_WARNINGS. See online help for details.
          C:\usr\msvs2013\VC\include\stdio.h(356) : 'sprintf' の宣言を確認してください。
listexport.cpp(394): warning C4996: 'strncpy': This function or variable may be unsafe. Consider using strncpy_s instead. To disable deprecation, use _CRT_SECURE_NO_WARNINGS. See online help for details.
          C:\usr\msvs2013\VC\include\string.h(195) : 'strncpy' の宣言を確認してください。
listexport.cpp(396): warning C4996: 'strncpy': This function or variable may be unsafe. Consider using strncpy_s instead. To disable deprecation, use _CRT_SECURE_NO_WARNINGS. See online help for details.
          C:\usr\msvs2013\VC\include\string.h(195) : 'strncpy' の宣言を確認してください。
listexport.cpp(399): warning C4996: 'strcat': This function or variable may be unsafe. Consider using strcat_s instead. To disable deprecation, use _CRT_SECURE_NO_WARNINGS. See online help for details.
          C:\usr\msvs2013\VC\include\string.h(118) : 'strcat' の宣言を確認してください。
listexport.cpp(400): warning C4996: 'fopen': This function or variable may be unsafe. Consider using fopen_s instead. To disable deprecation, use _CRT_SECURE_NO_WARNINGS. See online help for details.
          C:\usr\msvs2013\VC\include\stdio.h(211) : 'fopen' の宣言を確認してください。
listexport.cpp(473): warning C4996: 'strcat': This function or variable may be unsafe. Consider using strcat_s instead. To disable deprecation, use _CRT_SECURE_NO_WARNINGS. See online help for details.
          C:\usr\msvs2013\VC\include\string.h(118) : 'strcat' の宣言を確認してください。
listexport.cpp(475): warning C4996: 'fopen': This function or variable may be unsafe. Consider using fopen_s instead. To disable deprecation, use _CRT_SECURE_NO_WARNINGS. See online help for details.
          C:\usr\msvs2013\VC\include\stdio.h(211) : 'fopen' の宣言を確認してください。
  コード生成しています。
  コード生成が終了しました。
  listexport.vcxproj -> C:\usr\koei\Tenshouki95\dllwrap\_WRapperDll\listexportEX\Release\listexport.exe
